[14-Jul-2020 10:32:23 Asia/Shanghai] PHP Warning:  Creating default object from empty value in /www/shengong-api/MooPHP/lib/MooDBTable.lib.php on line 250[14-Jul-2020 10:38:25 Asia/Shanghai] PHP Fatal error:  Uncaught RedisException: MISCONF Redis is configured to save RDB snapshots, but it is currently not able to persist on disk. Commands that may modify the data set are disabled, because this instance is configured to report errors during writes if RDB snapshotting fails (stop-writes-on-bgsave-error option). Please check the Redis logs for details about the RDB error. in /www/shengong-notice/Swoole/Database/RedisCache.php:445
Stack trace:
#0 /www/shengong-notice/Swoole/Database/RedisCache.php(445): Redis->lPop('game.actionQueu...')
#1 /www/shengong-notice/Swoole/Database/RedisCache.php(158): Swoole\Database\RedisCache->callFuntions('lPop', 'game.actionQueu...')
#2 /www/shengong-notice/app/service/EventManager.php(91): Swoole\Database\RedisCache->lPop('game.actionQueu...')
#3 [internal function]: service\EventManager->loopActions(1)
#4 /www/shengong-notice/Swoole/Socket/WsServer.php(64): Swoole\Server->start()
#5 /www/shengong-notice/Swoole/Entrance.php(83): Swoole\Socket\WsServer->run()
#6 /www/shengong-notice/ in /www/shengong-notice/Swoole/Database/RedisCache.php on line 445
[14-Jul-2020 10:38:25 Asia/Shanghai] PHP Fatal error:  Uncaught RedisException: Operation in progress in /www/shengong-notice/Swoole/Database/RedisCache.php:499
Stack trace:
#0 /www/shengong-notice/Swoole/Database/RedisCache.php(499): Redis->connect('10.128.0.128', 6379)
#1 /www/shengong-notice/Swoole/Database/RedisCache.php(489): Swoole\Database\RedisCache->createRedis('10.128.0.128', 6379, NULL)
#2 /www/shengong-notice/Swoole/Database/RedisCache.php(443): Swoole\Database\RedisCache->keepActive()
#3 /www/shengong-notice/Swoole/Database/RedisCache.php(158): Swoole\Database\RedisCache->callFuntions('lPop', 'game.actionQueu...')
#4 /www/shengong-notice/app/service/EventManager.php(91): Swoole\Database\RedisCache->lPop('game.actionQueu...')
#5 [internal function]: service\EventManager->loopActions(1)
#6 /www/shengong-notice/Swoole/Socket/WsServer.php(64): Swoole\Server->start()
#7 /www/shengong-notice/Swoole/Entrance.php(83): Swoole\Socket\WsServer->run()
#8 /www/shengong-notice/main/Main.php(47): Swoole\Entrance::run('/www/shengong-n...', Array)
#9 {main}
  thrown in /www/shengong-notice/Swoole/Database/RedisCache.php on line 499
[14-Jul-2020 10:38:26 Asia/Shanghai] PHP Fatal error:  Uncaught RedisException: MISCONF Redis is configured to save RDB snapshots, but it is currently not able to persist on disk. Commands that may modify the data set are disabled, because this instance is configured to report errors during writes if RDB snapshotting fails (stop-writes-on-bgsave-error option). Please check the Redis logs for details about the RDB error. in /www/shengong-notice/Swoole/Database/RedisCache.php:445
Stack trace:
#0 /www/shengong-notice/Swoole/Database/RedisCache.php(445): Redis->lPop('game.actionQueu...')
#1 /www/shengong-notice/Swoole/Database/RedisCache.php(158): Swoole\Database\RedisCache->callFuntions('lPop', 'game.actionQueu...')
#2 /www/shengong-notice/app/service/EventManager.php(91): Swoole\Database\RedisCache->lPop('game.actionQueu...')
#3 [internal function]: service\EventManager->loopActions(1)
#4 /www/shengong-notice/Swoole/Socket/WsServer.php(64): Swoole\Server->start()
#5 /www/shengong-notice/Swoole/Entrance.php(83): Swoole\Socket\WsServer->run()
#6 /www/shengong-notice/ in /www/shengong-notice/Swoole/Database/RedisCache.php on line 445
[14-Jul-2020 10:38:27 Asia/Shanghai] PHP Fatal error:  Uncaught RedisException: MISCONF Redis is configured to save RDB snapshots, but it is currently not able to persist on disk. Commands that may modify the data set are disabled, because this instance is configured to report errors during writes if RDB snapshotting fails (stop-writes-on-bgsave-error option). Please check the Redis logs for details about the RDB error. in /www/shengong-notice/Swoole/Database/RedisCache.php:445
Stack trace:
#0 /www/shengong-notice/Swoole/Database/RedisCache.php(445): Redis->lPop('game.actionQueu...')
#1 /www/shengong-notice/Swoole/Database/RedisCache.php(158): Swoole\Database\RedisCache->callFuntions('lPop', 'game.actionQueu...')
#2 /www/shengong-notice/app/service/EventManager.php(91): Swoole\Database\RedisCache->lPop('game.actionQueu...')
#3 [internal function]: service\EventManager->loopActions(1)
#4 /www/shengong-notice/Swoole/Socket/WsServer.php(64): Swoole\Server->start()
#5 /www/shengong-notice/Swoole/Entrance.php(83): Swoole\Socket\WsServer->run()
#6 /www/shengong-notice/ in /www/shengong-notice/Swoole/Database/RedisCache.php on line 445
[14-Jul-2020 10:38:27 Asia/Shanghai] PHP Fatal error:  Uncaught RedisException: Operation in progress in /www/shengong-notice/Swoole/Database/RedisCache.php:499
Stack trace:
#0 /www/shengong-notice/Swoole/Database/RedisCache.php(499): Redis->connect('10.128.0.128', 6379)
#1 /www/shengong-notice/Swoole/Database/RedisCache.php(465): Swoole\Database\RedisCache->createRedis('10.128.0.128', 6379, NULL)
#2 /www/shengong-notice/Swoole/Database/RedisCache.php(422): Swoole\Database\RedisCache->selectServer()
#3 /www/shengong-notice/Swoole/Database/RedisCache.php(158): Swoole\Database\RedisCache->callFuntions('lPop', 'game.actionQueu...')
#4 /www/shengong-notice/app/service/EventManager.php(91): Swoole\Database\RedisCache->lPop('game.actionQueu...')
#5 [internal function]: service\EventManager->loopActions(1)
#6 /www/shengong-notice/Swoole/Socket/WsServer.php(64): Swoole\Server->start()
#7 /www/shengong-notice/Swoole/Entrance.php(83): Swoole\Socket\WsServer->run()
#8 /www/shengong-notice/main/Main.php(47): Swoole\Entrance::run('/www/shengong-n...', Array)
#9 {main}
  throw in /www/shengong-notice/Swoole/Database/RedisCache.php on line 499
[14-Jul-2020 10:38:28 Asia/Shanghai] PHP Fatal error:  Uncaught RedisException: MISCONF Redis is configured to save RDB snapshots, but it is currently not able to persist on disk. Commands that may modify the data set are disabled, because this instance is configured to report errors during writes if RDB snapshotting fails (stop-writes-on-bgsave-error option). Please check the Redis logs for details about the RDB error. in /www/shengong-notice/Swoole/Database/RedisCache.php:445
Stack trace:
#0 /www/shengong-notice/Swoole/Database/RedisCache.php(445): Redis->lPop('game.actionQueu...')
#1 /www/shengong-notice/Swoole/Database/RedisCache.php(158): Swoole\Database\RedisCache->callFuntions('lPop', 'game.actionQueu...')
#2 /www/shengong-notice/app/service/EventManager.php(91): Swoole\Database\RedisCache->lPop('game.actionQueu...')
#3 [internal function]: service\EventManager->loopActions(1)
#4 /www/shengong-notice/Swoole/Socket/WsServer.php(64): Swoole\Server->start()
#5 /www/shengong-notice/Swoole/Entrance.php(83): Swoole\Socket\WsServer->run()
#6 /www/shengong-notice/ in /www/shengong-notice/Swoole/Database/RedisCache.php on line 445
[14-Jul-2020 10:38:28 Asia/Shanghai] PHP Fatal error:  Uncaught RedisException: MISCONF Redis is configured to save RDB snapshots, but it is currently not able to persist on disk. Commands that may modify the data set are disabled, because this instance is configured to report errors during writes if RDB snapshotting fails (stop-writes-on-bgsave-error option). Please check the Redis logs for details about the RDB error. in /www/shengong-notice/Swoole/Database/RedisCache.php:445
Stack trace:
#0 /www/shengong-notice/Swoole/Database/RedisCache.php(445): Redis->lPop('game.actionQueu...')
#1 /www/shengong-notice/Swoole/Database/RedisCache.php(158): Swoole\Database\RedisCache->callFuntions('lPop', 'game.actionQueu...')
#2 /www/shengong-notice/app/service/EventManager.php(91): Swoole\Database\RedisCache->lPop('game.actionQueu...')
#3 [internal function]: service\EventManager->loopActions(1)
#4 /www/shengong-notice/Swoole/Socket/WsServer.php(64): Swoole\Server->start()
#5 /www/shengong-notice/Swoole/Entrance.php(83): Swoole\Socket\WsServer->run()
#6 /www/shengong-notice/ in /www/shengong-notice/Swoole/Database/RedisCache.php on line 445
[14-Jul-2020 10:38:29 Asia/Shanghai] PHP Fatal error:  Uncaught RedisException: Operation in progress in /www/shengong-notice/Swoole/Database/RedisCache.php:499
Stack trace:
#0 /www/shengong-notice/Swoole/Database/RedisCache.php(499): Redis->connect('10.128.0.128', 6379)
#1 /www/shengong-notice/Swoole/Database/RedisCache.php(489): Swoole\Database\RedisCache->createRedis('10.128.0.128', 6379, NULL)
#2 /www/shengong-notice/Swoole/Database/RedisCache.php(443): Swoole\Database\RedisCache->keepActive()
#3 /www/shengong-notice/Swoole/Database/RedisCache.php(158): Swoole\Database\RedisCache->callFuntions('lPop', 'game.actionQueu...')
#4 /www/shengong-notice/app/service/EventManager.php(91): Swoole\Database\RedisCache->lPop('game.actionQueu...')
#5 [internal function]: service\EventManager->loopActions(1)
#6 /www/shengong-notice/Swoole/Socket/WsServer.php(64): Swoole\Server->start()
#7 /www/shengong-notice/Swoole/Entrance.php(83): Swoole\Socket\WsServer->run()
#8 /www/shengong-notice/main/Main.php(47): Swoole\Entrance::run('/www/shengong-n...', Array)
#9 {main}
  thrown in /www/shengong-notice/Swoole/Database/RedisCache.php on line 499
[14-Jul-2020 10:38:29 Asia/Shanghai] PHP Fatal error:  Uncaught RedisException: Operation in progress in /www/shengong-notice/Swoole/Database/RedisCache.php:499
Stack trace:
#0 /www/shengong-notice/Swoole/Database/RedisCache.php(499): Redis->connect('10.128.0.128', 6379)
#1 /www/shengong-notice/Swoole/Database/RedisCache.php(489): Swoole\Database\RedisCache->createRedis('10.128.0.128', 6379, NULL)
#2 /www/shengong-notice/Swoole/Database/RedisCache.php(469): Swoole\Database\RedisCache->keepActive()
#3 /www/shengong-notice/Swoole/Database/RedisCache.php(422): Swoole\Database\RedisCache->selectServer()
#4 /www/shengong-notice/Swoole/Database/RedisCache.php(158): Swoole\Database\RedisCache->callFuntions('lPop', 'game.actionQueu...')
#5 /www/shengong-notice/app/service/EventManager.php(91): Swoole\Database\RedisCache->lPop('game.actionQueu...')
#6 [internal function]: service\EventManager->loopActions(1)
#7 /www/shengong-notice/Swoole/Socket/WsServer.php(64): Swoole\Server->start()
#8 /www/shengong-notice/Swoole/Entrance.php(83): Swoole\Socket\WsServer->run()
#9 /www/ in /www/shengong-notice/Swoole/Database/RedisCache.php on line 499
[14-Jul-2020 10:38:30 Asia/Shanghai] PHP Fatal error:  Uncaught RedisException: Operation in progress in /www/shengong-notice/Swoole/Database/RedisCache.php:499
Stack trace:
#0 /www/shengong-notice/Swoole/Database/RedisCache.php(499): Redis->connect('10.128.0.128', 6379)
#1 /www/shengong-notice/Swoole/Database/RedisCache.php(465): Swoole\Database\RedisCache->createRedis('10.128.0.128', 6379, NULL)
#2 /www/shengong-notice/Swoole/Database/RedisCache.php(422): Swoole\Database\RedisCache->selectServer()
#3 /www/shengong-notice/Swoole/Database/RedisCache.php(158): Swoole\Database\RedisCache->callFuntions('lPop', 'game.actionQueu...')
#4 /www/shengong-notice/app/service/EventManager.php(91): Swoole\Database\RedisCache->lPop('game.actionQueu...')
#5 [internal function]: service\EventManager->loopActions(1)
#6 /www/shengong-notice/Swoole/Socket/WsServer.php(64): Swoole\Server->start()
#7 /www/shengong-notice/Swoole/Entrance.php(83): Swoole\Socket\WsServer->run()
#8 /www/shengong-notice/main/Main.php(47): Swoole\Entrance::run('/www/shengong-n...', Array)
#9 {main}
  throw in /www/shengong-notice/Swoole/Database/RedisCache.php on line 499
[14-Jul-2020 10:38:30 Asia/Shanghai] PHP Fatal error:  Uncaught RedisException: MISCONF Redis is configured to save RDB snapshots, but it is currently not able to persist on disk. Commands that may modify the data set are disabled, because this instance is configured to report errors during writes if RDB snapshotting fails (stop-writes-on-bgsave-error option). Please check the Redis logs for details about the RDB error. in /www/shengong-notice/Swoole/Database/RedisCache.php:445
Stack trace:
#0 /www/shengong-notice/Swoole/Database/RedisCache.php(445): Redis->setex('sv_online', 86400, 'a:2:{s:3:"num";...')
#1 /www/shengong-notice/Swoole/Database/RedisCache.php(73): Swoole\Database\RedisCache->callFuntions('setex', 'sv_online', 86400, 'a:2:{s:3:"num";...')
#2 /www/shengong-notice/app/service/UserManager.php(373): Swoole\Database\RedisCache->set('sv_online', 'a:2:{s:3:"num";...', 86400)
#3 [internal function]: service\UserManager->saveUserOnlines(3)
#4 /www/shengong-notice/Swoole/Socket/WsServer.php(64): Swoole\Server->start()
#5 /www/shengong-notice/Swoole/Entrance. in /www/shengong-notice/Swoole/Database/RedisCache.php on line 445
[14-Jul-2020 10:38:31 Asia/Shanghai] PHP Fatal error:  Uncaught RedisException: Operation in progress in /www/shengong-notice/Swoole/Database/RedisCache.php:499
Stack trace:
#0 /www/shengong-notice/Swoole/Database/RedisCache.php(499): Redis->connect('10.128.0.128', 6379)
#1 /www/shengong-notice/Swoole/Database/RedisCache.php(465): Swoole\Database\RedisCache->createRedis('10.128.0.128', 6379, NULL)
#2 /www/shengong-notice/Swoole/Database/RedisCache.php(422): Swoole\Database\RedisCache->selectServer()
#3 /www/shengong-notice/Swoole/Database/RedisCache.php(158): Swoole\Database\RedisCache->callFuntions('lPop', 'game.actionQueu...')
#4 /www/shengong-notice/app/service/EventManager.php(91): Swoole\Database\RedisCache->lPop('game.actionQueu...')
#5 [internal function]: service\EventManager->loopActions(1)
#6 /www/shengong-notice/Swoole/Socket/WsServer.php(64): Swoole\Server->start()
#7 /www/shengong-notice/Swoole/Entrance.php(83): Swoole\Socket\WsServer->run()
#8 /www/shengong-notice/main/Main.php(47): Swoole\Entrance::run('/www/shengong-n...', Array)
#9 {main}
  throw in /www/shengong-notice/Swoole/Database/RedisCache.php on line 499
[14-Jul-2020 10:38:31 Asia/Shanghai] PHP Fatal error:  Uncaught RedisException: Operation in progress in /www/shengong-notice/Swoole/Database/RedisCache.php:499
Stack trace:
#0 /www/shengong-notice/Swoole/Database/RedisCache.php(499): Redis->connect('10.128.0.128', 6379)
#1 /www/shengong-notice/Swoole/Database/RedisCache.php(465): Swoole\Database\RedisCache->createRedis('10.128.0.128', 6379, NULL)
#2 /www/shengong-notice/Swoole/Database/RedisCache.php(422): Swoole\Database\RedisCache->selectServer()
#3 /www/shengong-notice/Swoole/Database/RedisCache.php(158): Swoole\Database\RedisCache->callFuntions('lPop', 'game.actionQueu...')
#4 /www/shengong-notice/app/service/EventManager.php(91): Swoole\Database\RedisCache->lPop('game.actionQueu...')
#5 [internal function]: service\EventManager->loopActions(1)
#6 /www/shengong-notice/Swoole/Socket/WsServer.php(64): Swoole\Server->start()
#7 /www/shengong-notice/Swoole/Entrance.php(83): Swoole\Socket\WsServer->run()
#8 /www/shengong-notice/main/Main.php(47): Swoole\Entrance::run('/www/shengong-n...', Array)
#9 {main}
  throw in /www/shengong-notice/Swoole/Database/RedisCache.php on line 499
[14-Jul-2020 10:38:32 Asia/Shanghai] PHP Fatal error:  Uncaught RedisException: Operation in progress in /www/shengong-notice/Swoole/Database/RedisCache.php:499
Stack trace:
#0 /www/shengong-notice/Swoole/Database/RedisCache.php(499): Redis->connect('10.128.0.128', 6379)
#1 /www/shengong-notice/Swoole/Database/RedisCache.php(465): Swoole\Database\RedisCache->createRedis('10.128.0.128', 6379, NULL)
#2 /www/shengong-notice/Swoole/Database/RedisCache.php(422): Swoole\Database\RedisCache->selectServer()
#3 /www/shengong-notice/Swoole/Database/RedisCache.php(158): Swoole\Database\RedisCache->callFuntions('lPop', 'game.actionQueu...')
#4 /www/shengong-notice/app/service/EventManager.php(91): Swoole\Database\RedisCache->lPop('game.actionQueu...')
#5 [internal function]: service\EventManager->loopActions(1)
#6 /www/shengong-notice/Swoole/Socket/WsServer.php(64): Swoole\Server->start()
#7 /www/shengong-notice/Swoole/Entrance.php(83): Swoole\Socket\WsServer->run()
#8 /www/shengong-notice/main/Main.php(47): Swoole\Entrance::run('/www/shengong-n...', Array)
#9 {main}
  throw in /www/shengong-notice/Swoole/Database/RedisCache.php on line 499
[14-Jul-2020 10:38:32 Asia/Shanghai] PHP Fatal error:  Uncaught RedisException: Operation in progress in /www/shengong-notice/Swoole/Database/RedisCache.php:499
Stack trace:
#0 /www/shengong-notice/Swoole/Database/RedisCache.php(499): Redis->connect('10.128.0.128', 6379)
#1 /www/shengong-notice/Swoole/Database/RedisCache.php(489): Swoole\Database\RedisCache->createRedis('10.128.0.128', 6379, NULL)
#2 /www/shengong-notice/Swoole/Database/RedisCache.php(443): Swoole\Database\RedisCache->keepActive()
#3 /www/shengong-notice/Swoole/Database/RedisCache.php(158): Swoole\Database\RedisCache->callFuntions('lPop', 'game.actionQueu...')
#4 /www/shengong-notice/app/service/EventManager.php(91): Swoole\Database\RedisCache->lPop('game.actionQueu...')
#5 [internal function]: service\EventManager->loopActions(1)
#6 /www/shengong-notice/Swoole/Socket/WsServer.php(64): Swoole\Server->start()
#7 /www/shengong-notice/Swoole/Entrance.php(83): Swoole\Socket\WsServer->run()
#8 /www/shengong-notice/main/Main.php(47): Swoole\Entrance::run('/www/shengong-n...', Array)
#9 {main}
  thrown in /www/shengong-notice/Swoole/Database/RedisCache.php on line 499
[14-Jul-2020 10:38:33 Asia/Shanghai] PHP Fatal error:  Uncaught RedisException: Operation in progress in /www/shengong-notice/Swoole/Database/RedisCache.php:499
Stack trace:
#0 /www/shengong-notice/Swoole/Database/RedisCache.php(499): Redis->connect('10.128.0.128', 6379)
#1 /www/shengong-notice/Swoole/Database/RedisCache.php(489): Swoole\Database\RedisCache->createRedis('10.128.0.128', 6379, NULL)
#2 /www/shengong-notice/Swoole/Database/RedisCache.php(443): Swoole\Database\RedisCache->keepActive()
#3 /www/shengong-notice/Swoole/Database/RedisCache.php(158): Swoole\Database\RedisCache->callFuntions('lPop', 'game.actionQueu...')
#4 /www/shengong-notice/app/service/EventManager.php(91): Swoole\Database\RedisCache->lPop('game.actionQueu...')
#5 [internal function]: service\EventManager->loopActions(1)
#6 /www/shengong-notice/Swoole/Socket/WsServer.php(64): Swoole\Server->start()
#7 /www/shengong-notice/Swoole/Entrance.php(83): Swoole\Socket\WsServer->run()
#8 /www/shengong-notice/main/Main.php(47): Swoole\Entrance::run('/www/shengong-n...', Array)
#9 {main}
  thrown in /www/shengong-notice/Swoole/Database/RedisCache.php on line 499
[14-Jul-2020 10:38:34 Asia/Shanghai] PHP Fatal error:  Uncaught RedisException: MISCONF Redis is configured to save RDB snapshots, but it is currently not able to persist on disk. Commands that may modify the data set are disabled, because this instance is configured to report errors during writes if RDB snapshotting fails (stop-writes-on-bgsave-error option). Please check the Redis logs for details about the RDB error. in /www/shengong-notice/Swoole/Database/RedisCache.php:445
Stack trace:
#0 /www/shengong-notice/Swoole/Database/RedisCache.php(445): Redis->lPop('game.actionQueu...')
#1 /www/shengong-notice/Swoole/Database/RedisCache.php(158): Swoole\Database\RedisCache->callFuntions('lPop', 'game.actionQueu...')
#2 /www/shengong-notice/app/service/EventManager.php(91): Swoole\Database\RedisCache->lPop('game.actionQueu...')
#3 [internal function]: service\EventManager->loopActions(1)
#4 /www/shengong-notice/Swoole/Socket/WsServer.php(64): Swoole\Server->start()
#5 /www/shengong-notice/Swoole/Entrance.php(83): Swoole\Socket\WsServer->run()
#6 /www/shengong-notice/ in /www/shengong-notice/Swoole/Database/RedisCache.php on line 445
[14-Jul-2020 10:38:34 Asia/Shanghai] PHP Fatal error:  Uncaught RedisException: MISCONF Redis is configured to save RDB snapshots, but it is currently not able to persist on disk. Commands that may modify the data set are disabled, because this instance is configured to report errors during writes if RDB snapshotting fails (stop-writes-on-bgsave-error option). Please check the Redis logs for details about the RDB error. in /www/shengong-notice/Swoole/Database/RedisCache.php:445
Stack trace:
#0 /www/shengong-notice/Swoole/Database/RedisCache.php(445): Redis->lPop('game.actionQueu...')
#1 /www/shengong-notice/Swoole/Database/RedisCache.php(158): Swoole\Database\RedisCache->callFuntions('lPop', 'game.actionQueu...')
#2 /www/shengong-notice/app/service/EventManager.php(91): Swoole\Database\RedisCache->lPop('game.actionQueu...')
#3 [internal function]: service\EventManager->loopActions(1)
#4 /www/shengong-notice/Swoole/Socket/WsServer.php(64): Swoole\Server->start()
#5 /www/shengong-notice/Swoole/Entrance.php(83): Swoole\Socket\WsServer->run()
#6 /www/shengong-notice/ in /www/shengong-notice/Swoole/Database/RedisCache.php on line 445
[14-Jul-2020 10:38:35 Asia/Shanghai] PHP Fatal error:  Uncaught RedisException: Operation in progress in /www/shengong-notice/Swoole/Database/RedisCache.php:499
Stack trace:
#0 /www/shengong-notice/Swoole/Database/RedisCache.php(499): Redis->connect('10.128.0.128', 6379)
#1 /www/shengong-notice/Swoole/Database/RedisCache.php(489): Swoole\Database\RedisCache->createRedis('10.128.0.128', 6379, NULL)
#2 /www/shengong-notice/Swoole/Database/RedisCache.php(443): Swoole\Database\RedisCache->keepActive()
#3 /www/shengong-notice/Swoole/Database/RedisCache.php(158): Swoole\Database\RedisCache->callFuntions('lPop', 'game.actionQueu...')
#4 /www/shengong-notice/app/service/EventManager.php(91): Swoole\Database\RedisCache->lPop('game.actionQueu...')
#5 [internal function]: service\EventManager->loopActions(1)
#6 /www/shengong-notice/Swoole/Socket/WsServer.php(64): Swoole\Server->start()
#7 /www/shengong-notice/Swoole/Entrance.php(83): Swoole\Socket\WsServer->run()
#8 /www/shengong-notice/main/Main.php(47): Swoole\Entrance::run('/www/shengong-n...', Array)
#9 {main}
  thrown in /www/shengong-notice/Swoole/Database/RedisCache.php on line 499
[14-Jul-2020 10:38:35 Asia/Shanghai] PHP Fatal error:  Uncaught RedisException: Operation in progress in /www/shengong-notice/Swoole/Database/RedisCache.php:499
Stack trace:
#0 /www/shengong-notice/Swoole/Database/RedisCache.php(499): Redis->connect('10.128.0.128', 6379)
#1 /www/shengong-notice/Swoole/Database/RedisCache.php(465): Swoole\Database\RedisCache->createRedis('10.128.0.128', 6379, NULL)
#2 /www/shengong-notice/Swoole/Database/RedisCache.php(422): Swoole\Database\RedisCache->selectServer()
#3 /www/shengong-notice/Swoole/Database/RedisCache.php(158): Swoole\Database\RedisCache->callFuntions('lPop', 'game.actionQueu...')
#4 /www/shengong-notice/app/service/EventManager.php(91): Swoole\Database\RedisCache->lPop('game.actionQueu...')
#5 [internal function]: service\EventManager->loopActions(1)
#6 /www/shengong-notice/Swoole/Socket/WsServer.php(64): Swoole\Server->start()
#7 /www/shengong-notice/Swoole/Entrance.php(83): Swoole\Socket\WsServer->run()
#8 /www/shengong-notice/main/Main.php(47): Swoole\Entrance::run('/www/shengong-n...', Array)
#9 {main}
  throw in /www/shengong-notice/Swoole/Database/RedisCache.php on line 499
[14-Jul-2020 10:38:36 Asia/Shanghai] PHP Fatal error:  Uncaught RedisException: Operation in progress in /www/shengong-notice/Swoole/Database/RedisCache.php:499
Stack trace:
#0 /www/shengong-notice/Swoole/Database/RedisCache.php(499): Redis->connect('10.128.0.128', 6379)
#1 /www/shengong-notice/Swoole/Database/RedisCache.php(465): Swoole\Database\RedisCache->createRedis('10.128.0.128', 6379, NULL)
#2 /www/shengong-notice/Swoole/Database/RedisCache.php(422): Swoole\Database\RedisCache->selectServer()
#3 /www/shengong-notice/Swoole/Database/RedisCache.php(158): Swoole\Database\RedisCache->callFuntions('lPop', 'game.actionQueu...')
#4 /www/shengong-notice/app/service/EventManager.php(91): Swoole\Database\RedisCache->lPop('game.actionQueu...')
#5 [internal function]: service\EventManager->loopActions(1)
#6 /www/shengong-notice/Swoole/Socket/WsServer.php(64): Swoole\Server->start()
#7 /www/shengong-notice/Swoole/Entrance.php(83): Swoole\Socket\WsServer->run()
#8 /www/shengong-notice/main/Main.php(47): Swoole\Entrance::run('/www/shengong-n...', Array)
#9 {main}
  throw in /www/shengong-notice/Swoole/Database/RedisCache.php on line 499
[14-Jul-2020 10:38:36 Asia/Shanghai] PHP Fatal error:  Uncaught RedisException: Operation in progress in /www/shengong-notice/Swoole/Database/RedisCache.php:499
Stack trace:
#0 /www/shengong-notice/Swoole/Database/RedisCache.php(499): Redis->connect('10.128.0.128', 6379)
#1 /www/shengong-notice/Swoole/Database/RedisCache.php(465): Swoole\Database\RedisCache->createRedis('10.128.0.128', 6379, NULL)
#2 /www/shengong-notice/Swoole/Database/RedisCache.php(422): Swoole\Database\RedisCache->selectServer()
#3 /www/shengong-notice/Swoole/Database/RedisCache.php(158): Swoole\Database\RedisCache->callFuntions('lPop', 'game.actionQueu...')
#4 /www/shengong-notice/app/service/EventManager.php(91): Swoole\Database\RedisCache->lPop('game.actionQueu...')
#5 [internal function]: service\EventManager->loopActions(1)
#6 /www/shengong-notice/Swoole/Socket/WsServer.php(64): Swoole\Server->start()
#7 /www/shengong-notice/Swoole/Entrance.php(83): Swoole\Socket\WsServer->run()
#8 /www/shengong-notice/main/Main.php(47): Swoole\Entrance::run('/www/shengong-n...', Array)
#9 {main}
  throw in /www/shengong-notice/Swoole/Database/RedisCache.php on line 499
[14-Jul-2020 10:38:37 Asia/Shanghai] PHP Fatal error:  Uncaught RedisException: Operation in progress in /www/shengong-notice/Swoole/Database/RedisCache.php:499
Stack trace:
#0 /www/shengong-notice/Swoole/Database/RedisCache.php(499): Redis->connect('10.128.0.128', 6379)
#1 /www/shengong-notice/Swoole/Database/RedisCache.php(465): Swoole\Database\RedisCache->createRedis('10.128.0.128', 6379, NULL)
#2 /www/shengong-notice/Swoole/Database/RedisCache.php(422): Swoole\Database\RedisCache->selectServer()
#3 /www/shengong-notice/Swoole/Database/RedisCache.php(158): Swoole\Database\RedisCache->callFuntions('lPop', 'game.actionQueu...')
#4 /www/shengong-notice/app/service/EventManager.php(91): Swoole\Database\RedisCache->lPop('game.actionQueu...')
#5 [internal function]: service\EventManager->loopActions(1)
#6 /www/shengong-notice/Swoole/Socket/WsServer.php(64): Swoole\Server->start()
#7 /www/shengong-notice/Swoole/Entrance.php(83): Swoole\Socket\WsServer->run()
#8 /www/shengong-notice/main/Main.php(47): Swoole\Entrance::run('/www/shengong-n...', Array)
#9 {main}
  throw in /www/shengong-notice/Swoole/Database/RedisCache.php on line 499
[14-Jul-2020 10:38:38 Asia/Shanghai] PHP Fatal error:  Uncaught RedisException: Operation in progress in /www/shengong-notice/Swoole/Database/RedisCache.php:499
Stack trace:
#0 /www/shengong-notice/Swoole/Database/RedisCache.php(499): Redis->connect('10.128.0.128', 6379)
#1 /www/shengong-notice/Swoole/Database/RedisCache.php(465): Swoole\Database\RedisCache->createRedis('10.128.0.128', 6379, NULL)
#2 /www/shengong-notice/Swoole/Database/RedisCache.php(422): Swoole\Database\RedisCache->selectServer()
#3 /www/shengong-notice/Swoole/Database/RedisCache.php(158): Swoole\Database\RedisCache->callFuntions('lPop', 'game.actionQueu...')
#4 /www/shengong-notice/app/service/EventManager.php(91): Swoole\Database\RedisCache->lPop('game.actionQueu...')
#5 [internal function]: service\EventManager->loopActions(1)
#6 /www/shengong-notice/Swoole/Socket/WsServer.php(64): Swoole\Server->start()
#7 /www/shengong-notice/Swoole/Entrance.php(83): Swoole\Socket\WsServer->run()
#8 /www/shengong-notice/main/Main.php(47): Swoole\Entrance::run('/www/shengong-n...', Array)
#9 {main}
  throw in /www/shengong-notice/Swoole/Database/RedisCache.php on line 499
[14-Jul-2020 10:38:38 Asia/Shanghai] PHP Fatal error:  Uncaught RedisException: Operation in progress in /www/shengong-notice/Swoole/Database/RedisCache.php:499
Stack trace:
#0 /www/shengong-notice/Swoole/Database/RedisCache.php(499): Redis->connect('10.128.0.128', 6379)
#1 /www/shengong-notice/Swoole/Database/RedisCache.php(465): Swoole\Database\RedisCache->createRedis('10.128.0.128', 6379, NULL)
#2 /www/shengong-notice/Swoole/Database/RedisCache.php(422): Swoole\Database\RedisCache->selectServer()
#3 /www/shengong-notice/Swoole/Database/RedisCache.php(158): Swoole\Database\RedisCache->callFuntions('lPop', 'game.actionQueu...')
#4 /www/shengong-notice/app/service/EventManager.php(91): Swoole\Database\RedisCache->lPop('game.actionQueu...')
#5 [internal function]: service\EventManager->loopActions(1)
#6 /www/shengong-notice/Swoole/Socket/WsServer.php(64): Swoole\Server->start()
#7 /www/shengong-notice/Swoole/Entrance.php(83): Swoole\Socket\WsServer->run()
#8 /www/shengong-notice/main/Main.php(47): Swoole\Entrance::run('/www/shengong-n...', Array)
#9 {main}
  throw in /www/shengong-notice/Swoole/Database/RedisCache.php on line 499
[14-Jul-2020 10:38:39 Asia/Shanghai] PHP Fatal error:  Uncaught RedisException: Operation in progress in /www/shengong-notice/Swoole/Database/RedisCache.php:499
Stack trace:
#0 /www/shengong-notice/Swoole/Database/RedisCache.php(499): Redis->connect('10.128.0.128', 6379)
#1 /www/shengong-notice/Swoole/Database/RedisCache.php(465): Swoole\Database\RedisCache->createRedis('10.128.0.128', 6379, NULL)
#2 /www/shengong-notice/Swoole/Database/RedisCache.php(422): Swoole\Database\RedisCache->selectServer()
#3 /www/shengong-notice/Swoole/Database/RedisCache.php(158): Swoole\Database\RedisCache->callFuntions('lPop', 'game.actionQueu...')
#4 /www/shengong-notice/app/service/EventManager.php(91): Swoole\Database\RedisCache->lPop('game.actionQueu...')
#5 [internal function]: service\EventManager->loopActions(1)
#6 /www/shengong-notice/Swoole/Socket/WsServer.php(64): Swoole\Server->start()
#7 /www/shengong-notice/Swoole/Entrance.php(83): Swoole\Socket\WsServer->run()
#8 /www/shengong-notice/main/Main.php(47): Swoole\Entrance::run('/www/shengong-n...', Array)
#9 {main}
  throw in /www/shengong-notice/Swoole/Database/RedisCache.php on line 499
[14-Jul-2020 10:38:39 Asia/Shanghai] PHP Fatal error:  Uncaught RedisException: Operation in progress in /www/shengong-notice/Swoole/Database/RedisCache.php:499
Stack trace:
#0 /www/shengong-notice/Swoole/Database/RedisCache.php(499): Redis->connect('10.128.0.128', 6379)
#1 /www/shengong-notice/Swoole/Database/RedisCache.php(489): Swoole\Database\RedisCache->createRedis('10.128.0.128', 6379, NULL)
#2 /www/shengong-notice/Swoole/Database/RedisCache.php(469): Swoole\Database\RedisCache->keepActive()
#3 /www/shengong-notice/Swoole/Database/RedisCache.php(422): Swoole\Database\RedisCache->selectServer()
#4 /www/shengong-notice/Swoole/Database/RedisCache.php(158): Swoole\Database\RedisCache->callFuntions('lPop', 'game.actionQueu...')
#5 /www/shengong-notice/app/service/EventManager.php(91): Swoole\Database\RedisCache->lPop('game.actionQueu...')
#6 [internal function]: service\EventManager->loopActions(1)
#7 /www/shengong-notice/Swoole/Socket/WsServer.php(64): Swoole\Server->start()
#8 /www/shengong-notice/Swoole/Entrance.php(83): Swoole\Socket\WsServer->run()
#9 /www/ in /www/shengong-notice/Swoole/Database/RedisCache.php on line 499
[14-Jul-2020 10:38:40 Asia/Shanghai] PHP Fatal error:  Uncaught RedisException: Operation in progress in /www/shengong-notice/Swoole/Database/RedisCache.php:499
Stack trace:
#0 /www/shengong-notice/Swoole/Database/RedisCache.php(499): Redis->connect('10.128.0.128', 6379)
#1 /www/shengong-notice/Swoole/Database/RedisCache.php(465): Swoole\Database\RedisCache->createRedis('10.128.0.128', 6379, NULL)
#2 /www/shengong-notice/Swoole/Database/RedisCache.php(422): Swoole\Database\RedisCache->selectServer()
#3 /www/shengong-notice/Swoole/Database/RedisCache.php(158): Swoole\Database\RedisCache->callFuntions('lPop', 'game.actionQueu...')
#4 /www/shengong-notice/app/service/EventManager.php(91): Swoole\Database\RedisCache->lPop('game.actionQueu...')
#5 [internal function]: service\EventManager->loopActions(1)
#6 /www/shengong-notice/Swoole/Socket/WsServer.php(64): Swoole\Server->start()
#7 /www/shengong-notice/Swoole/Entrance.php(83): Swoole\Socket\WsServer->run()
#8 /www/shengong-notice/main/Main.php(47): Swoole\Entrance::run('/www/shengong-n...', Array)
#9 {main}
  throw in /www/shengong-notice/Swoole/Database/RedisCache.php on line 499
[14-Jul-2020 10:38:40 Asia/Shanghai] PHP Fatal error:  Uncaught RedisException: MISCONF Redis is configured to save RDB snapshots, but it is currently not able to persist on disk. Commands that may modify the data set are disabled, because this instance is configured to report errors during writes if RDB snapshotting fails (stop-writes-on-bgsave-error option). Please check the Redis logs for details about the RDB error. in /www/shengong-notice/Swoole/Database/RedisCache.php:445
Stack trace:
#0 /www/shengong-notice/Swoole/Database/RedisCache.php(445): Redis->setex('sv_online', 86400, 'a:2:{s:3:"num";...')
#1 /www/shengong-notice/Swoole/Database/RedisCache.php(73): Swoole\Database\RedisCache->callFuntions('setex', 'sv_online', 86400, 'a:2:{s:3:"num";...')
#2 /www/shengong-notice/app/service/UserManager.php(373): Swoole\Database\RedisCache->set('sv_online', 'a:2:{s:3:"num";...', 86400)
#3 [internal function]: service\UserManager->saveUserOnlines(3)
#4 /www/shengong-notice/Swoole/Socket/WsServer.php(64): Swoole\Server->start()
#5 /www/shengong-notice/Swoole/Entrance. in /www/shengong-notice/Swoole/Database/RedisCache.php on line 445
[14-Jul-2020 10:38:40 Asia/Shanghai] PHP Fatal error:  Uncaught RedisException: Operation in progress in /www/shengong-notice/Swoole/Database/RedisCache.php:499
Stack trace:
#0 /www/shengong-notice/Swoole/Database/RedisCache.php(499): Redis->connect('10.128.0.128', 6379)
#1 /www/shengong-notice/Swoole/Database/RedisCache.php(465): Swoole\Database\RedisCache->createRedis('10.128.0.128', 6379, NULL)
#2 /www/shengong-notice/Swoole/Database/RedisCache.php(422): Swoole\Database\RedisCache->selectServer()
#3 /www/shengong-notice/Swoole/Database/RedisCache.php(158): Swoole\Database\RedisCache->callFuntions('lPop', 'game.actionQueu...')
#4 /www/shengong-notice/app/service/EventManager.php(91): Swoole\Database\RedisCache->lPop('game.actionQueu...')
#5 [internal function]: service\EventManager->loopActions(1)
#6 /www/shengong-notice/Swoole/Socket/WsServer.php(64): Swoole\Server->start()
#7 /www/shengong-notice/Swoole/Entrance.php(83): Swoole\Socket\WsServer->run()
#8 /www/shengong-notice/main/Main.php(47): Swoole\Entrance::run('/www/shengong-n...', Array)
#9 {main}
  throw in /www/shengong-notice/Swoole/Database/RedisCache.php on line 499
[14-Jul-2020 10:38:41 Asia/Shanghai] PHP Fatal error:  Uncaught RedisException: Operation in progress in /www/shengong-notice/Swoole/Database/RedisCache.php:499
Stack trace:
#0 /www/shengong-notice/Swoole/Database/RedisCache.php(499): Redis->connect('10.128.0.128', 6379)
#1 /www/shengong-notice/Swoole/Database/RedisCache.php(465): Swoole\Database\RedisCache->createRedis('10.128.0.128', 6379, NULL)
#2 /www/shengong-notice/Swoole/Database/RedisCache.php(422): Swoole\Database\RedisCache->selectServer()
#3 /www/shengong-notice/Swoole/Database/RedisCache.php(158): Swoole\Database\RedisCache->callFuntions('lPop', 'game.actionQueu...')
#4 /www/shengong-notice/app/service/EventManager.php(91): Swoole\Database\RedisCache->lPop('game.actionQueu...')
#5 [internal function]: service\EventManager->loopActions(1)
#6 /www/shengong-notice/Swoole/Socket/WsServer.php(64): Swoole\Server->start()
#7 /www/shengong-notice/Swoole/Entrance.php(83): Swoole\Socket\WsServer->run()
#8 /www/shengong-notice/main/Main.php(47): Swoole\Entrance::run('/www/shengong-n...', Array)
#9 {main}
  throw in /www/shengong-notice/Swoole/Database/RedisCache.php on line 499
[14-Jul-2020 10:38:42 Asia/Shanghai] PHP Fatal error:  Uncaught RedisException: Operation in progress in /www/shengong-notice/Swoole/Database/RedisCache.php:499
Stack trace:
#0 /www/shengong-notice/Swoole/Database/RedisCache.php(499): Redis->connect('10.128.0.128', 6379)
#1 /www/shengong-notice/Swoole/Database/RedisCache.php(489): Swoole\Database\RedisCache->createRedis('10.128.0.128', 6379, NULL)
#2 /www/shengong-notice/Swoole/Database/RedisCache.php(469): Swoole\Database\RedisCache->keepActive()
#3 /www/shengong-notice/Swoole/Database/RedisCache.php(422): Swoole\Database\RedisCache->selectServer()
#4 /www/shengong-notice/Swoole/Database/RedisCache.php(158): Swoole\Database\RedisCache->callFuntions('lPop', 'game.actionQueu...')
#5 /www/shengong-notice/app/service/EventManager.php(91): Swoole\Database\RedisCache->lPop('game.actionQueu...')
#6 [internal function]: service\EventManager->loopActions(1)
#7 /www/shengong-notice/Swoole/Socket/WsServer.php(64): Swoole\Server->start()
#8 /www/shengong-notice/Swoole/Entrance.php(83): Swoole\Socket\WsServer->run()
#9 /www/ in /www/shengong-notice/Swoole/Database/RedisCache.php on line 499
[14-Jul-2020 10:38:42 Asia/Shanghai] PHP Fatal error:  Uncaught RedisException: Operation in progress in /www/shengong-notice/Swoole/Database/RedisCache.php:499
Stack trace:
#0 /www/shengong-notice/Swoole/Database/RedisCache.php(499): Redis->connect('10.128.0.128', 6379)
#1 /www/shengong-notice/Swoole/Database/RedisCache.php(465): Swoole\Database\RedisCache->createRedis('10.128.0.128', 6379, NULL)
#2 /www/shengong-notice/Swoole/Database/RedisCache.php(422): Swoole\Database\RedisCache->selectServer()
#3 /www/shengong-notice/Swoole/Database/RedisCache.php(158): Swoole\Database\RedisCache->callFuntions('lPop', 'game.actionQueu...')
#4 /www/shengong-notice/app/service/EventManager.php(91): Swoole\Database\RedisCache->lPop('game.actionQueu...')
#5 [internal function]: service\EventManager->loopActions(1)
#6 /www/shengong-notice/Swoole/Socket/WsServer.php(64): Swoole\Server->start()
#7 /www/shengong-notice/Swoole/Entrance.php(83): Swoole\Socket\WsServer->run()
#8 /www/shengong-notice/main/Main.php(47): Swoole\Entrance::run('/www/shengong-n...', Array)
#9 {main}
  throw in /www/shengong-notice/Swoole/Database/RedisCache.php on line 499
[14-Jul-2020 10:38:43 Asia/Shanghai] PHP Fatal error:  Uncaught RedisException: Operation in progress in /www/shengong-notice/Swoole/Database/RedisCache.php:499
Stack trace:
#0 /www/shengong-notice/Swoole/Database/RedisCache.php(499): Redis->connect('10.128.0.128', 6379)
#1 /www/shengong-notice/Swoole/Database/RedisCache.php(465): Swoole\Database\RedisCache->createRedis('10.128.0.128', 6379, NULL)
#2 /www/shengong-notice/Swoole/Database/RedisCache.php(422): Swoole\Database\RedisCache->selectServer()
#3 /www/shengong-notice/Swoole/Database/RedisCache.php(158): Swoole\Database\RedisCache->callFuntions('lPop', 'game.actionQueu...')
#4 /www/shengong-notice/app/service/EventManager.php(91): Swoole\Database\RedisCache->lPop('game.actionQueu...')
#5 [internal function]: service\EventManager->loopActions(1)
#6 /www/shengong-notice/Swoole/Socket/WsServer.php(64): Swoole\Server->start()
#7 /www/shengong-notice/Swoole/Entrance.php(83): Swoole\Socket\WsServer->run()
#8 /www/shengong-notice/main/Main.php(47): Swoole\Entrance::run('/www/shengong-n...', Array)
#9 {main}
  throw in /www/shengong-notice/Swoole/Database/RedisCache.php on line 499
[14-Jul-2020 10:38:44 Asia/Shanghai] PHP Fatal error:  Uncaught RedisException: Operation in progress in /www/shengong-notice/Swoole/Database/RedisCache.php:499
Stack trace:
#0 /www/shengong-notice/Swoole/Database/RedisCache.php(499): Redis->connect('10.128.0.128', 6379)
#1 /www/shengong-notice/Swoole/Database/RedisCache.php(465): Swoole\Database\RedisCache->createRedis('10.128.0.128', 6379, NULL)
#2 /www/shengong-notice/Swoole/Database/RedisCache.php(422): Swoole\Database\RedisCache->selectServer()
#3 /www/shengong-notice/Swoole/Database/RedisCache.php(158): Swoole\Database\RedisCache->callFuntions('lPop', 'game.actionQueu...')
#4 /www/shengong-notice/app/service/EventManager.php(91): Swoole\Database\RedisCache->lPop('game.actionQueu...')
#5 [internal function]: service\EventManager->loopActions(1)
#6 /www/shengong-notice/Swoole/Socket/WsServer.php(64): Swoole\Server->start()
#7 /www/shengong-notice/Swoole/Entrance.php(83): Swoole\Socket\WsServer->run()
#8 /www/shengong-notice/main/Main.php(47): Swoole\Entrance::run('/www/shengong-n...', Array)
#9 {main}
  throw in /www/shengong-notice/Swoole/Database/RedisCache.php on line 499
[14-Jul-2020 10:38:44 Asia/Shanghai] PHP Fatal error:  Uncaught RedisException: Operation in progress in /www/shengong-notice/Swoole/Database/RedisCache.php:499
Stack trace:
#0 /www/shengong-notice/Swoole/Database/RedisCache.php(499): Redis->connect('10.128.0.128', 6379)
#1 /www/shengong-notice/Swoole/Database/RedisCache.php(465): Swoole\Database\RedisCache->createRedis('10.128.0.128', 6379, NULL)
#2 /www/shengong-notice/Swoole/Database/RedisCache.php(422): Swoole\Database\RedisCache->selectServer()
#3 /www/shengong-notice/Swoole/Database/RedisCache.php(158): Swoole\Database\RedisCache->callFuntions('lPop', 'game.actionQueu...')
#4 /www/shengong-notice/app/service/EventManager.php(91): Swoole\Database\RedisCache->lPop('game.actionQueu...')
#5 [internal function]: service\EventManager->loopActions(1)
#6 /www/shengong-notice/Swoole/Socket/WsServer.php(64): Swoole\Server->start()
#7 /www/shengong-notice/Swoole/Entrance.php(83): Swoole\Socket\WsServer->run()
#8 /www/shengong-notice/main/Main.php(47): Swoole\Entrance::run('/www/shengong-n...', Array)
#9 {main}
  throw in /www/shengong-notice/Swoole/Database/RedisCache.php on line 499
[14-Jul-2020 10:38:45 Asia/Shanghai] PHP Fatal error:  Uncaught RedisException: Operation in progress in /www/shengong-notice/Swoole/Database/RedisCache.php:499
Stack trace:
#0 /www/shengong-notice/Swoole/Database/RedisCache.php(499): Redis->connect('10.128.0.128', 6379)
#1 /www/shengong-notice/Swoole/Database/RedisCache.php(489): Swoole\Database\RedisCache->createRedis('10.128.0.128', 6379, NULL)
#2 /www/shengong-notice/Swoole/Database/RedisCache.php(469): Swoole\Database\RedisCache->keepActive()
#3 /www/shengong-notice/Swoole/Database/RedisCache.php(422): Swoole\Database\RedisCache->selectServer()
#4 /www/shengong-notice/Swoole/Database/RedisCache.php(158): Swoole\Database\RedisCache->callFuntions('lPop', 'game.actionQueu...')
#5 /www/shengong-notice/app/service/EventManager.php(91): Swoole\Database\RedisCache->lPop('game.actionQueu...')
#6 [internal function]: service\EventManager->loopActions(1)
#7 /www/shengong-notice/Swoole/Socket/WsServer.php(64): Swoole\Server->start()
#8 /www/shengong-notice/Swoole/Entrance.php(83): Swoole\Socket\WsServer->run()
#9 /www/ in /www/shengong-notice/Swoole/Database/RedisCache.php on line 499
[14-Jul-2020 10:38:45 Asia/Shanghai] PHP Fatal error:  Uncaught RedisException: Operation in progress in /www/shengong-notice/Swoole/Database/RedisCache.php:499
Stack trace:
#0 /www/shengong-notice/Swoole/Database/RedisCache.php(499): Redis->connect('10.128.0.128', 6379)
#1 /www/shengong-notice/Swoole/Database/RedisCache.php(465): Swoole\Database\RedisCache->createRedis('10.128.0.128', 6379, NULL)
#2 /www/shengong-notice/Swoole/Database/RedisCache.php(422): Swoole\Database\RedisCache->selectServer()
#3 /www/shengong-notice/Swoole/Database/RedisCache.php(158): Swoole\Database\RedisCache->callFuntions('lPop', 'game.actionQueu...')
#4 /www/shengong-notice/app/service/EventManager.php(91): Swoole\Database\RedisCache->lPop('game.actionQueu...')
#5 [internal function]: service\EventManager->loopActions(1)
#6 /www/shengong-notice/Swoole/Socket/WsServer.php(64): Swoole\Server->start()
#7 /www/shengong-notice/Swoole/Entrance.php(83): Swoole\Socket\WsServer->run()
#8 /www/shengong-notice/main/Main.php(47): Swoole\Entrance::run('/www/shengong-n...', Array)
#9 {main}
  throw in /www/shengong-notice/Swoole/Database/RedisCache.php on line 499
[14-Jul-2020 10:38:46 Asia/Shanghai] PHP Fatal error:  Uncaught RedisException: Operation in progress in /www/shengong-notice/Swoole/Database/RedisCache.php:499
Stack trace:
#0 /www/shengong-notice/Swoole/Database/RedisCache.php(499): Redis->connect('10.128.0.128', 6379)
#1 /www/shengong-notice/Swoole/Database/RedisCache.php(465): Swoole\Database\RedisCache->createRedis('10.128.0.128', 6379, NULL)
#2 /www/shengong-notice/Swoole/Database/RedisCache.php(422): Swoole\Database\RedisCache->selectServer()
#3 /www/shengong-notice/Swoole/Database/RedisCache.php(158): Swoole\Database\RedisCache->callFuntions('lPop', 'game.actionQueu...')
#4 /www/shengong-notice/app/service/EventManager.php(91): Swoole\Database\RedisCache->lPop('game.actionQueu...')
#5 [internal function]: service\EventManager->loopActions(1)
#6 /www/shengong-notice/Swoole/Socket/WsServer.php(64): Swoole\Server->start()
#7 /www/shengong-notice/Swoole/Entrance.php(83): Swoole\Socket\WsServer->run()
#8 /www/shengong-notice/main/Main.php(47): Swoole\Entrance::run('/www/shengong-n...', Array)
#9 {main}
  throw in /www/shengong-notice/Swoole/Database/RedisCache.php on line 499
[14-Jul-2020 10:38:47 Asia/Shanghai] PHP Fatal error:  Uncaught RedisException: Operation in progress in /www/shengong-notice/Swoole/Database/RedisCache.php:499
Stack trace:
#0 /www/shengong-notice/Swoole/Database/RedisCache.php(499): Redis->connect('10.128.0.128', 6379)
#1 /www/shengong-notice/Swoole/Database/RedisCache.php(465): Swoole\Database\RedisCache->createRedis('10.128.0.128', 6379, NULL)
#2 /www/shengong-notice/Swoole/Database/RedisCache.php(422): Swoole\Database\RedisCache->selectServer()
#3 /www/shengong-notice/Swoole/Database/RedisCache.php(158): Swoole\Database\RedisCache->callFuntions('lPop', 'game.actionQueu...')
#4 /www/shengong-notice/app/service/EventManager.php(91): Swoole\Database\RedisCache->lPop('game.actionQueu...')
#5 [internal function]: service\EventManager->loopActions(1)
#6 /www/shengong-notice/Swoole/Socket/WsServer.php(64): Swoole\Server->start()
#7 /www/shengong-notice/Swoole/Entrance.php(83): Swoole\Socket\WsServer->run()
#8 /www/shengong-notice/main/Main.php(47): Swoole\Entrance::run('/www/shengong-n...', Array)
#9 {main}
  throw in /www/shengong-notice/Swoole/Database/RedisCache.php on line 499
[14-Jul-2020 10:38:47 Asia/Shanghai] PHP Fatal error:  Uncaught RedisException: Operation in progress in /www/shengong-notice/Swoole/Database/RedisCache.php:499
Stack trace:
#0 /www/shengong-notice/Swoole/Database/RedisCache.php(499): Redis->connect('10.128.0.128', 6379)
#1 /www/shengong-notice/Swoole/Database/RedisCache.php(465): Swoole\Database\RedisCache->createRedis('10.128.0.128', 6379, NULL)
#2 /www/shengong-notice/Swoole/Database/RedisCache.php(422): Swoole\Database\RedisCache->selectServer()
#3 /www/shengong-notice/Swoole/Database/RedisCache.php(158): Swoole\Database\RedisCache->callFuntions('lPop', 'game.actionQueu...')
#4 /www/shengong-notice/app/service/EventManager.php(91): Swoole\Database\RedisCache->lPop('game.actionQueu...')
#5 [internal function]: service\EventManager->loopActions(1)
#6 /www/shengong-notice/Swoole/Socket/WsServer.php(64): Swoole\Server->start()
#7 /www/shengong-notice/Swoole/Entrance.php(83): Swoole\Socket\WsServer->run()
#8 /www/shengong-notice/main/Main.php(47): Swoole\Entrance::run('/www/shengong-n...', Array)
#9 {main}
  throw in /www/shengong-notice/Swoole/Database/RedisCache.php on line 499
